2023.02.16 12:35:45 INFO  tracing is disabled for protocol LSP, to enable tracing of incoming and outgoing JSON messages create an empty file at /home/alex/Git/Functional-Programming-2/.metals/lsp.trace.json or /home/alex/.cache/metals/lsp.trace.json
2023.02.16 12:35:45 INFO  logging to file /home/alex/Git/Functional-Programming-2/.metals/metals.log
2023.02.16 12:35:45 INFO  Started: Metals version 0.11.10 in workspace '/home/alex/Git/Functional-Programming-2' for client Visual Studio Code 1.75.1.
2023.02.16 12:35:45 WARN  Can't instantiate JavaInteractiveSemanticdb (version: JdkVersion(11), jdkHome: /usr/lib/jvm/java-11-openjdk-amd64, javac exists: false)
SLF4J: No SLF4J providers were found.
SLF4J: Defaulting to no-operation (NOP) logger implementation
SLF4J: See https://www.slf4j.org/codes.html#noProviders for further details.
SLF4J: Class path contains SLF4J bindings targeting slf4j-api versions 1.7.x or earlier.
SLF4J: Ignoring binding found at [jar:file:/home/alex/.cache/coursier/v1/https/repo1.maven.org/maven2/com/outr/scribe-slf4j_2.13/3.10.5/scribe-slf4j_2.13-3.10.5.jar!/org/slf4j/impl/StaticLoggerBinder.class]
SLF4J: See https://www.slf4j.org/codes.html#ignoredBindings for an explanation.
2023.02.16 12:35:46 INFO  time: initialize in 0.64s
2023.02.16 12:35:47 WARN  Build server is not auto-connectable.
2023.02.16 12:35:47 WARN  no build tool detected in workspace '/home/alex/Git/Functional-Programming-2'. The most common cause for this problem is that the editor was opened in the wrong working directory, for example if you use sbt then the workspace directory should contain build.sbt. 
2023.02.16 12:35:47 WARN  no build target for: /home/alex/Git/Functional-Programming-2/Problem1.scala
2023.02.16 12:35:50 INFO  no build target found for /home/alex/Git/Functional-Programming-2/Problem1.scala. Using presentation compiler with project's scala-library version: 3.2.1
2023.02.16 12:35:51 INFO  time: code lens generation in 4.3s
2023.02.16 12:35:59 WARN  no build target for: /home/alex/Git/Functional-Programming-2/Problem1.scala
Feb. 16, 2023 12:36:35 P.M. org.eclipse.lsp4j.jsonrpc.RemoteEndpoint handleCancellation
WARNING: Unmatched cancel notification for request id 111
2023.02.16 12:36:56 WARN  no build target for: /home/alex/Git/Functional-Programming-2/Problem1.scala
2023.02.16 12:37:06 WARN  no build target for: /home/alex/Git/Functional-Programming-2/Problem1.scala
2023.02.16 12:37:11 WARN  no build target for: /home/alex/Git/Functional-Programming-2/Problem1.scala
2023.02.16 12:37:58 WARN  no build target for: /home/alex/Git/Functional-Programming-2/Problem1.scala
2023.02.16 12:38:15 WARN  no build target for: /home/alex/Git/Functional-Programming-2/Problem1.scala
2023.02.16 12:38:37 WARN  no build target for: /home/alex/Git/Functional-Programming-2/Problem1.scala
2023.02.16 12:38:52 WARN  no build target for: /home/alex/Git/Functional-Programming-2/Problem1.scala
2023.02.16 12:39:59 WARN  no build target for: /home/alex/Git/Functional-Programming-2/Problem1.scala
2023.02.16 12:40:02 WARN  no build target for: /home/alex/Git/Functional-Programming-2/Problem1.scala
2023.02.16 12:40:03 WARN  no build target for: /home/alex/Git/Functional-Programming-2/Problem1.scala
2023.02.16 12:42:04 WARN  no build target for: /home/alex/Git/Functional-Programming-2/Problem1.scala
2023.02.16 12:42:46 WARN  no build target for: /home/alex/Git/Functional-Programming-2/Problem1.scala
2023.02.16 12:43:08 WARN  no build target for: /home/alex/Git/Functional-Programming-2/Problem1.scala
Feb. 16, 2023 12:44:25 P.M. org.eclipse.lsp4j.jsonrpc.RemoteEndpoint handleCancellation
WARNING: Unmatched cancel notification for request id 572
2023.02.16 12:44:31 WARN  no build target for: /home/alex/Git/Functional-Programming-2/Problem1.scala
2023.02.16 12:44:45 WARN  no build target for: /home/alex/Git/Functional-Programming-2/Problem1.scala
2023.02.16 12:50:48 WARN  no build target for: /home/alex/Git/Functional-Programming-2/Problem1.scala
2023.02.16 12:51:21 WARN  no build target for: /home/alex/Git/Functional-Programming-2/Problem1.scala
2023.02.16 12:51:38 WARN  no build target for: /home/alex/Git/Functional-Programming-2/Problem1.scala
2023.02.16 12:51:46 WARN  no build target for: /home/alex/Git/Functional-Programming-2/Problem1.scala
2023.02.16 12:52:17 WARN  no build target for: /home/alex/Git/Functional-Programming-2/Problem1.scala
2023.02.16 12:52:26 WARN  no build target for: /home/alex/Git/Functional-Programming-2/Problem1.scala
2023.02.16 12:52:49 WARN  no build target for: /home/alex/Git/Functional-Programming-2/Problem1.scala
2023.02.16 12:52:55 WARN  no build target for: /home/alex/Git/Functional-Programming-2/Problem1.scala
2023.02.16 12:53:09 WARN  no build target for: /home/alex/Git/Functional-Programming-2/Problem1.scala
2023.02.16 12:54:13 WARN  no build target for: /home/alex/Git/Functional-Programming-2/Problem1.scala
2023.02.16 12:58:37 WARN  no build target for: /home/alex/Git/Functional-Programming-2/Problem1.scala
2023.02.16 12:58:48 WARN  no build target for: /home/alex/Git/Functional-Programming-2/Problem1.scala
2023.02.16 12:58:54 WARN  no build target for: /home/alex/Git/Functional-Programming-2/Problem1.scala
2023.02.16 12:59:16 WARN  no build target for: /home/alex/Git/Functional-Programming-2/Problem1.scala
2023.02.16 12:59:47 WARN  no build target for: /home/alex/Git/Functional-Programming-2/Problem1.scala
2023.02.16 13:00:08 WARN  no build target for: /home/alex/Git/Functional-Programming-2/Problem1.scala
2023.02.16 13:00:36 WARN  no build target for: /home/alex/Git/Functional-Programming-2/Problem1.scala
2023.02.16 13:01:04 WARN  no build target for: /home/alex/Git/Functional-Programming-2/Problem1.scala
2023.02.16 13:01:48 WARN  no build target for: /home/alex/Git/Functional-Programming-2/Problem1.scala
2023.02.16 13:01:50 WARN  no build target for: /home/alex/Git/Functional-Programming-2/Problem1.scala
2023.02.16 13:01:52 WARN  no build target for: /home/alex/Git/Functional-Programming-2/Problem1.scala
2023.02.16 13:04:00 WARN  no build target for: /home/alex/Git/Functional-Programming-2/Problem1.scala
Feb. 16, 2023 1:06:01 P.M. org.eclipse.lsp4j.jsonrpc.RemoteEndpoint handleCancellation
WARNING: Unmatched cancel notification for request id 1568
2023.02.16 13:06:04 WARN  no build target for: /home/alex/Git/Functional-Programming-2/Problem1.scala
2023.02.16 13:06:08 WARN  no build target for: /home/alex/Git/Functional-Programming-2/Problem1.scala
2023.02.16 13:06:35 WARN  no build target for: /home/alex/Git/Functional-Programming-2/Problem1.scala
2023.02.16 13:14:01 WARN  no build target for: /home/alex/Git/Functional-Programming-2/Problem1.scala
2023.02.16 13:15:35 WARN  no build target for: /home/alex/Git/Functional-Programming-2/Problem1.scala
2023.02.16 20:30:59 INFO  shutting down Metals
2023.02.17 15:06:42 INFO  tracing is disabled for protocol LSP, to enable tracing of incoming and outgoing JSON messages create an empty file at /home/alex/Git/Functional-Programming-2/.metals/lsp.trace.json or /home/alex/.cache/metals/lsp.trace.json
2023.02.17 15:06:42 INFO  logging to file /home/alex/Git/Functional-Programming-2/.metals/metals.log
2023.02.17 15:06:42 INFO  Started: Metals version 0.11.10 in workspace '/home/alex/Git/Functional-Programming-2' for client Visual Studio Code 1.75.1.
2023.02.17 15:06:42 WARN  Can't instantiate JavaInteractiveSemanticdb (version: JdkVersion(11), jdkHome: /usr/lib/jvm/java-11-openjdk-amd64, javac exists: false)
SLF4J: No SLF4J providers were found.
SLF4J: Defaulting to no-operation (NOP) logger implementation
SLF4J: See https://www.slf4j.org/codes.html#noProviders for further details.
SLF4J: Class path contains SLF4J bindings targeting slf4j-api versions 1.7.x or earlier.
SLF4J: Ignoring binding found at [jar:file:/home/alex/.cache/coursier/v1/https/repo1.maven.org/maven2/com/outr/scribe-slf4j_2.13/3.10.5/scribe-slf4j_2.13-3.10.5.jar!/org/slf4j/impl/StaticLoggerBinder.class]
SLF4J: See https://www.slf4j.org/codes.html#ignoredBindings for an explanation.
2023.02.17 15:06:43 INFO  time: initialize in 0.61s
2023.02.17 15:06:44 WARN  Build server is not auto-connectable.
2023.02.17 15:06:44 WARN  no build tool detected in workspace '/home/alex/Git/Functional-Programming-2'. The most common cause for this problem is that the editor was opened in the wrong working directory, for example if you use sbt then the workspace directory should contain build.sbt. 
2023.02.17 15:06:44 WARN  no build target for: /home/alex/Git/Functional-Programming-2/Problem1.scala
2023.02.17 15:06:47 INFO  no build target found for /home/alex/Git/Functional-Programming-2/Problem1.scala. Using presentation compiler with project's scala-library version: 3.2.1
2023.02.17 15:06:49 INFO  time: code lens generation in 4.46s
2023.02.17 15:20:11 WARN  no build target for: /home/alex/Git/Functional-Programming-2/Problem1.scala
2023.02.17 15:41:22 WARN  no build target for: /home/alex/Git/Functional-Programming-2/Problem1.scala
2023.02.17 15:43:07 WARN  no build target for: /home/alex/Git/Functional-Programming-2/Problem1.scala
2023.02.17 15:43:23 WARN  no build target for: /home/alex/Git/Functional-Programming-2/Problem1.scala
2023.02.17 15:43:43 WARN  no build target for: /home/alex/Git/Functional-Programming-2/Problem1.scala
2023.02.17 15:43:47 WARN  no build target for: /home/alex/Git/Functional-Programming-2/Problem1.scala
2023.02.17 15:45:58 WARN  no build target for: /home/alex/Git/Functional-Programming-2/Problem1.scala
2023.02.17 15:46:39 WARN  no build target for: /home/alex/Git/Functional-Programming-2/Problem1.scala
2023.02.17 16:00:47 WARN  no build target for: /home/alex/Git/Functional-Programming-2/Problem1.scala
2023.02.17 16:28:37 WARN  no build target for: /home/alex/Git/Functional-Programming-2/Problem1.scala
2023.02.17 16:29:04 WARN  no build target for: /home/alex/Git/Functional-Programming-2/Problem1.scala
2023.02.17 16:29:20 WARN  no build target for: /home/alex/Git/Functional-Programming-2/Problem1.scala
2023.02.17 16:34:24 WARN  no build target for: /home/alex/Git/Functional-Programming-2/Problem1.scala
Feb. 17, 2023 4:34:39 P.M. org.eclipse.lsp4j.jsonrpc.RemoteEndpoint handleCancellation
WARNING: Unmatched cancel notification for request id 720
Feb. 17, 2023 4:34:47 P.M. org.eclipse.lsp4j.jsonrpc.RemoteEndpoint handleCancellation
WARNING: Unmatched cancel notification for request id 752
2023.02.17 16:35:24 WARN  no build target for: /home/alex/Git/Functional-Programming-2/Problem1.scala
2023.02.17 16:36:14 WARN  no build target for: /home/alex/Git/Functional-Programming-2/Problem1.scala
2023.02.17 16:36:17 WARN  no build target for: /home/alex/Git/Functional-Programming-2/Problem1.scala
2023.02.17 16:36:36 WARN  no build target for: /home/alex/Git/Functional-Programming-2/Problem1.scala
2023.02.17 16:41:37 WARN  no build target for: /home/alex/Git/Functional-Programming-2/Problem1.scala
2023.02.17 16:42:15 WARN  no build target for: /home/alex/Git/Functional-Programming-2/Problem1.scala
2023.02.17 16:42:26 WARN  no build target for: /home/alex/Git/Functional-Programming-2/Problem1.scala
2023.02.17 16:43:06 WARN  no build target for: /home/alex/Git/Functional-Programming-2/Problem1.scala
2023.02.17 16:44:11 WARN  no build target for: /home/alex/Git/Functional-Programming-2/Problem1.scala
Feb. 17, 2023 4:44:15 P.M. org.eclipse.lsp4j.jsonrpc.services.GenericEndpoint notify
INFO: Unsupported notification method: $/setTrace
Feb. 17, 2023 4:44:36 P.M. org.eclipse.lsp4j.jsonrpc.RemoteEndpoint handleCancellation
WARNING: Unmatched cancel notification for request id 1650
2023.02.17 16:44:40 WARN  no build target for: /home/alex/Git/Functional-Programming-2/Problem1.scala
2023.02.17 16:45:34 WARN  no build target for: /home/alex/Git/Functional-Programming-2/Problem1.scala
2023.02.17 16:46:15 WARN  no build target for: /home/alex/Git/Functional-Programming-2/Problem1.scala
2023.02.17 16:47:09 WARN  no build target for: /home/alex/Git/Functional-Programming-2/Problem1.scala
2023.02.17 16:48:25 WARN  no build target for: /home/alex/Git/Functional-Programming-2/Problem1.scala
2023.02.17 16:48:46 WARN  no build target for: /home/alex/Git/Functional-Programming-2/Problem1.scala
2023.02.17 16:49:34 WARN  no build target for: /home/alex/Git/Functional-Programming-2/Problem1.scala
Feb. 17, 2023 4:49:40 P.M. scala.meta.internal.pc.CompilerAccess handleError
SEVERE: Comparison method violates its general contract!
java.lang.IllegalArgumentException: Comparison method violates its general contract!
	at java.base/java.util.TimSort.mergeLo(TimSort.java:781)
	at java.base/java.util.TimSort.mergeAt(TimSort.java:518)
	at java.base/java.util.TimSort.mergeCollapse(TimSort.java:448)
	at java.base/java.util.TimSort.sort(TimSort.java:245)
	at java.base/java.util.Arrays.sort(Arrays.java:1441)
	at scala.collection.SeqOps.sorted(Seq.scala:727)
	at scala.collection.SeqOps.sorted$(Seq.scala:719)
	at scala.collection.immutable.List.scala$collection$immutable$StrictOptimizedSeqOps$$super$sorted(List.scala:79)
	at scala.collection.immutable.StrictOptimizedSeqOps.sorted(StrictOptimizedSeqOps.scala:78)
	at scala.collection.immutable.StrictOptimizedSeqOps.sorted$(StrictOptimizedSeqOps.scala:78)
	at scala.collection.immutable.List.sorted(List.scala:79)
	at scala.meta.internal.pc.completions.Completions.completions(Completions.scala:213)
	at scala.meta.internal.pc.completions.CompletionProvider.completions(CompletionProvider.scala:86)

2023.02.17 16:49:41 WARN  no build target for: /home/alex/Git/Functional-Programming-2/Problem1.scala
Feb. 17, 2023 4:50:26 P.M. scala.meta.internal.pc.CompilerAccess handleError
SEVERE: Comparison method violates its general contract!
java.lang.IllegalArgumentException: Comparison method violates its general contract!
	at java.base/java.util.TimSort.mergeLo(TimSort.java:781)
	at java.base/java.util.TimSort.mergeAt(TimSort.java:518)
	at java.base/java.util.TimSort.mergeCollapse(TimSort.java:448)
	at java.base/java.util.TimSort.sort(TimSort.java:245)
	at java.base/java.util.Arrays.sort(Arrays.java:1441)
	at scala.collection.SeqOps.sorted(Seq.scala:727)
	at scala.collection.SeqOps.sorted$(Seq.scala:719)
	at scala.collection.immutable.List.scala$collection$immutable$StrictOptimizedSeqOps$$super$sorted(List.scala:79)
	at scala.collection.immutable.StrictOptimizedSeqOps.sorted(StrictOptimizedSeqOps.scala:78)
	at scala.collection.immutable.StrictOptimizedSeqOps.sorted$(StrictOptimizedSeqOps.scala:78)
	at scala.collection.immutable.List.sorted(List.scala:79)
	at scala.meta.internal.pc.completions.Completions.completions(Completions.scala:213)
	at scala.meta.internal.pc.completions.CompletionProvider.completions(CompletionProvider.scala:86)

2023.02.17 16:50:27 WARN  no build target for: /home/alex/Git/Functional-Programming-2/Problem1.scala
Feb. 17, 2023 4:50:41 P.M. org.eclipse.lsp4j.jsonrpc.RemoteEndpoint handleCancellation
WARNING: Unmatched cancel notification for request id 2051
2023.02.17 16:50:43 WARN  no build target for: /home/alex/Git/Functional-Programming-2/Problem1.scala
2023.02.17 16:52:23 WARN  no build target for: /home/alex/Git/Functional-Programming-2/Problem1.scala
2023.02.17 16:52:43 WARN  no build target for: /home/alex/Git/Functional-Programming-2/Problem1.scala
2023.02.17 16:53:13 WARN  no build target for: /home/alex/Git/Functional-Programming-2/Problem1.scala
2023.02.17 16:54:12 WARN  no build target for: /home/alex/Git/Functional-Programming-2/Problem1.scala
2023.02.17 16:54:40 WARN  no build target for: /home/alex/Git/Functional-Programming-2/Problem1.scala
2023.02.17 16:56:51 WARN  no build target for: /home/alex/Git/Functional-Programming-2/Problem1.scala
Feb. 17, 2023 4:56:54 P.M. scala.meta.internal.pc.CompilerAccess handleError
SEVERE: Comparison method violates its general contract!
java.lang.IllegalArgumentException: Comparison method violates its general contract!
	at java.base/java.util.TimSort.mergeLo(TimSort.java:781)
	at java.base/java.util.TimSort.mergeAt(TimSort.java:518)
	at java.base/java.util.TimSort.mergeCollapse(TimSort.java:448)
	at java.base/java.util.TimSort.sort(TimSort.java:245)
	at java.base/java.util.Arrays.sort(Arrays.java:1441)
	at scala.collection.SeqOps.sorted(Seq.scala:727)
	at scala.collection.SeqOps.sorted$(Seq.scala:719)
	at scala.collection.immutable.List.scala$collection$immutable$StrictOptimizedSeqOps$$super$sorted(List.scala:79)
	at scala.collection.immutable.StrictOptimizedSeqOps.sorted(StrictOptimizedSeqOps.scala:78)
	at scala.collection.immutable.StrictOptimizedSeqOps.sorted$(StrictOptimizedSeqOps.scala:78)
	at scala.collection.immutable.List.sorted(List.scala:79)
	at scala.meta.internal.pc.completions.Completions.completions(Completions.scala:213)
	at scala.meta.internal.pc.completions.CompletionProvider.completions(CompletionProvider.scala:86)

2023.02.17 16:56:55 WARN  no build target for: /home/alex/Git/Functional-Programming-2/Problem1.scala
2023.02.17 16:57:15 WARN  no build target for: /home/alex/Git/Functional-Programming-2/Problem1.scala
2023.02.17 16:57:36 WARN  no build target for: /home/alex/Git/Functional-Programming-2/Problem1.scala
2023.02.17 16:57:40 WARN  no build target for: /home/alex/Git/Functional-Programming-2/Problem1.scala
2023.02.17 16:57:51 WARN  no build target for: /home/alex/Git/Functional-Programming-2/Problem1.scala
Feb. 17, 2023 4:57:51 P.M. org.eclipse.lsp4j.jsonrpc.RemoteEndpoint handleCancellation
WARNING: Unmatched cancel notification for request id 2241
2023.02.17 16:57:54 WARN  no build target for: /home/alex/Git/Functional-Programming-2/Problem1.scala
Feb. 17, 2023 4:58:14 P.M. org.eclipse.lsp4j.jsonrpc.RemoteEndpoint handleCancellation
WARNING: Unmatched cancel notification for request id 2280
2023.02.17 16:58:39 WARN  no build target for: /home/alex/Git/Functional-Programming-2/Problem1.scala
2023.02.17 16:59:05 WARN  no build target for: /home/alex/Git/Functional-Programming-2/Problem1.scala
2023.02.17 16:59:06 WARN  no build target for: /home/alex/Git/Functional-Programming-2/Problem1.scala
2023.02.17 16:59:09 WARN  no build target for: /home/alex/Git/Functional-Programming-2/Problem1.scala
2023.02.17 16:59:14 WARN  no build target for: /home/alex/Git/Functional-Programming-2/Problem1.scala
2023.02.17 16:59:32 WARN  no build target for: /home/alex/Git/Functional-Programming-2/Problem1.scala
2023.02.17 16:59:42 WARN  no build target for: /home/alex/Git/Functional-Programming-2/Problem1.scala
2023.02.17 16:59:49 WARN  no build target for: /home/alex/Git/Functional-Programming-2/Problem1.scala
2023.02.17 17:00:37 WARN  no build target for: /home/alex/Git/Functional-Programming-2/Problem1.scala
2023.02.17 17:04:51 WARN  no build target for: /home/alex/Git/Functional-Programming-2/Problem1.scala
2023.02.17 17:04:53 WARN  no build target for: /home/alex/Git/Functional-Programming-2/Problem1.scala
2023.02.17 17:11:48 WARN  no build target for: /home/alex/Git/Functional-Programming-2/Problem1.scala
2023.02.17 17:12:00 WARN  no build target for: /home/alex/Git/Functional-Programming-2/Problem1.scala
2023.02.17 17:14:11 WARN  no build target for: /home/alex/Git/Functional-Programming-2/Problem1.scala
2023.02.17 17:17:07 WARN  no build target for: /home/alex/Git/Functional-Programming-2/Problem1.scala
2023.02.17 17:17:08 WARN  no build target for: /home/alex/Git/Functional-Programming-2/Problem1.scala
2023.02.17 17:17:08 WARN  no build target for: /home/alex/Git/Functional-Programming-2/Problem1.scala
2023.02.17 17:17:24 WARN  no build target for: /home/alex/Git/Functional-Programming-2/Problem1.scala
2023.02.17 17:18:13 WARN  no build target for: /home/alex/Git/Functional-Programming-2/Problem1.scala
2023.02.17 17:18:25 WARN  no build target for: /home/alex/Git/Functional-Programming-2/Problem1.scala
2023.02.17 17:18:36 WARN  no build target for: /home/alex/Git/Functional-Programming-2/Problem1.scala
2023.02.17 17:20:17 WARN  no build target for: /home/alex/Git/Functional-Programming-2/Problem1.scala
Exception in thread "pool-3-thread-1" java.lang.InterruptedException
	at scala.meta.internal.metals.FutureCancelToken.checkCanceled(FutureCancelToken.scala:29)
	at scala.meta.internal.pc.CompilerAccess.onCompilerJobQueue$$anonfun$1(CompilerAccess.scala:195)
	at scala.meta.internal.pc.CompilerJobQueue$Job.run(CompilerJobQueue.scala:152)
	at java.base/java.util.concurrent.ThreadPoolExecutor.runWorker(ThreadPoolExecutor.java:1128)
	at java.base/java.util.concurrent.ThreadPoolExecutor$Worker.run(ThreadPoolExecutor.java:628)
	at java.base/java.lang.Thread.run(Thread.java:829)
2023.02.17 17:20:22 WARN  no build target for: /home/alex/Git/Functional-Programming-2/Problem1.scala
2023.02.17 17:20:59 WARN  no build target for: /home/alex/Git/Functional-Programming-2/Problem1.scala
2023.02.17 17:21:15 WARN  no build target for: /home/alex/Git/Functional-Programming-2/Problem1.scala
2023.02.17 17:21:28 WARN  no build target for: /home/alex/Git/Functional-Programming-2/Problem1.scala
2023.02.17 17:22:26 WARN  no build target for: /home/alex/Git/Functional-Programming-2/Problem1.scala
2023.02.17 17:22:35 WARN  no build target for: /home/alex/Git/Functional-Programming-2/Problem1.scala
2023.02.17 17:22:48 WARN  no build target for: /home/alex/Git/Functional-Programming-2/Problem1.scala
2023.02.17 17:23:31 WARN  no build target for: /home/alex/Git/Functional-Programming-2/Problem1.scala
